{"logLevel":"debug","message":"multithreading is set to false"}
{"logLevel":"debug","message":"Using reflection to scan dependencies for gauge implementations..."}
log4j:WARN No appenders could be found for logger (io.grpc.netty.shaded.io.netty.util.internal.logging.InternalLoggerFactory).
log4j:WARN Please initialize the log4j system properly.
log4j:WARN See http://logging.apache.org/log4j/1.2/faq.html#noconfig for more info.
{"logLevel":"debug","message":"gauge-java took 1479milliseconds to load and scan. This should be less than 'runner_connection_timeout' config value."}
{"logLevel":"debug","message":"run 'gauge config runner_connection_timeout' and verify that it is < 1479"}
{"logLevel":"debug","message":"starting gRPC server..."}
{"logLevel":"debug","message":"started gRPC server on port 49909"}
{"logLevel":"info","message":"Listening on port:49909"}
{"logLevel":"debug","message":"Scanning packages for steps"}
{"logLevel":"debug","message":"Comparing 'StepImplementation.waitForSeconds' and 'StepImplementation.waitForSeconds'"}
{"logLevel":"debug","message":"Found {} saniye kadar bekle in current project scope."}
{"logLevel":"debug","message":"Comparing 'StepImplementation.clickRandomelement' and 'StepImplementation.clickRandomelement'"}
{"logLevel":"debug","message":"Found Elementler {} arasından rasgele bir tanesini seç ve tıkla in current project scope."}
{"logLevel":"debug","message":"Comparing 'StepImplementation.swipeDown' and 'StepImplementation.swipeDown'"}
{"logLevel":"debug","message":"Found Sayfayı aşağı kaydır in current project scope."}
{"logLevel":"debug","message":"Comparing 'StepImplementation.pageControlById' and 'StepImplementation.pageControlById'"}
{"logLevel":"debug","message":"Found id {} li elementi bul ve {} alanını kontrol et in current project scope."}
{"logLevel":"debug","message":"Comparing 'StepImplementation.clickByXpath' and 'StepImplementation.clickByXpath'"}
{"logLevel":"debug","message":"Found xpath {} li elemente tıkla in current project scope."}
{"logLevel":"debug","message":"Loading {}\" name alanina \"{}\" tıklavia reflected sources."}
{"logLevel":"debug","message":"Comparing 'StepImplementation.pageControlByXpath' and 'StepImplementation.pageControlByXpath'"}
{"logLevel":"debug","message":"Found xpath {} li elementi bul ve {} alanını kontrol et in current project scope."}
{"logLevel":"debug","message":"Comparing 'StepImplementation.sendkeysByid' and 'StepImplementation.sendkeysByid'"}
{"logLevel":"debug","message":"Found id {} li ementi bul ve {} değerini yaz in current project scope."}
{"logLevel":"debug","message":"Comparing 'StepImplementation.clickById' and 'StepImplementation.clickById'"}
{"logLevel":"debug","message":"Found id {} li elemente tıkla in current project scope."}
{"logLevel":"debug","message":"Scanning packages for hooks"}
{"logLevel":"debug","message":"Scanned steps (using static parsing + reflections): "}
{"logLevel":"debug","message":"\txpath {} li elemente tıkla : public void clickByXpath(String xpath)"}
{"logLevel":"debug","message":"\t\\\"{}\\\" name alanina \\\"{}\\\" tıkla : public MobileElement setObjectByName(String name, String value)"}
{"logLevel":"debug","message":"\tid {} li elemente tıkla : public void clickById(String id)"}
{"logLevel":"debug","message":"\txpath {} li elementi bul ve {} alanını kontrol et : public void pageControlByXpath(String xpath, String text)"}
{"logLevel":"debug","message":"\tid {} li elementi bul ve {} alanını kontrol et : public void pageControlById(String id, String text)"}
{"logLevel":"debug","message":"\tid {} li ementi bul ve {} değerini yaz : public void sendkeysByid(String id, String text)"}
{"logLevel":"debug","message":"\t{} saniye kadar bekle : public void waitForSeconds(ınt time) throws InterruptedException"}
{"logLevel":"debug","message":"\t{}\" name alanina \"{}\" tıkla : null"}
{"logLevel":"debug","message":"\tSayfayı aşağı kaydır : public void swipeDown()"}
{"logLevel":"debug","message":"\tElementler {} arasından rasgele bir tanesini seç ve tıkla : public void clickRandomelement(String xpath)"}
{"logLevel":"debug","message":"Killing Java runner..."}
{"logLevel":"debug","message":"Stopping execution pool..."}
{"logLevel":"debug","message":"Shutting down grpc server..."}
{"logLevel":"debug","message":"Runner killed gracefully."}
