{"logLevel":"debug","message":"multithreading is set to false"}
{"logLevel":"debug","message":"Using reflection to scan dependencies for gauge implementations..."}
log4j:WARN No appenders could be found for logger (io.grpc.netty.shaded.io.netty.util.internal.logging.InternalLoggerFactory).
log4j:WARN Please initialize the log4j system properly.
log4j:WARN See http://logging.apache.org/log4j/1.2/faq.html#noconfig for more info.
{"logLevel":"debug","message":"gauge-java took 900milliseconds to load and scan. This should be less than 'runner_connection_timeout' config value."}
{"logLevel":"debug","message":"run 'gauge config runner_connection_timeout' and verify that it is < 900"}
{"logLevel":"debug","message":"starting gRPC server..."}
{"logLevel":"debug","message":"started gRPC server on port 53325"}
{"logLevel":"info","message":"Listening on port:53325"}
{"logLevel":"debug","message":"Scanning packages for steps"}
{"logLevel":"debug","message":"Comparing 'StepImplementation.waitForSeconds' and 'StepImplementation.waitForSeconds'"}
{"logLevel":"debug","message":"Found {} saniye kadar bekle in current project scope."}
{"logLevel":"debug","message":"Comparing 'StepImplementation.clickRandomelement' and 'StepImplementation.clickRandomelement'"}
{"logLevel":"debug","message":"Found Elementler {} arasından rastgele bir tanesini seç ve tıkla in current project scope."}
{"logLevel":"debug","message":"Comparing 'StepImplementation.swipeDown' and 'StepImplementation.swipeDown'"}
{"logLevel":"debug","message":"Found Sayfayı aşağı kaydır in current project scope."}
{"logLevel":"debug","message":"Comparing 'StepImplementation.clickElement' and 'StepImplementation.clickElement'"}
{"logLevel":"debug","message":"Found xpath {} li elemente tıkla in current project scope."}
{"logLevel":"debug","message":"Comparing 'StepImplementation.pageControlById' and 'StepImplementation.pageControlById'"}
{"logLevel":"debug","message":"Found id {} li elementi bul ve {} alanını kontrol et in current project scope."}
{"logLevel":"debug","message":"Comparing 'StepImplementation.pageControlByXpath' and 'StepImplementation.pageControlByXpath'"}
{"logLevel":"debug","message":"Found xpath {} li elementi bul ve {} alanını kontrol et in current project scope."}
{"logLevel":"debug","message":"Comparing 'StepImplementation.sendkeysByid' and 'StepImplementation.sendkeysByid'"}
{"logLevel":"debug","message":"Found id {} li ementi bul ve {} değerini yaz in current project scope."}
{"logLevel":"debug","message":"Comparing 'StepImplementation.clickById' and 'StepImplementation.clickById'"}
{"logLevel":"debug","message":"Found id {} li elemente tıkla in current project scope."}
{"logLevel":"debug","message":"Scanning packages for hooks"}
{"logLevel":"debug","message":"Scanned steps (using static parsing + reflections): "}
{"logLevel":"debug","message":"\txpath {} li elemente tıkla : public void clickElement(String xpath)"}
{"logLevel":"debug","message":"\tid {} li elemente tıkla : public void clickById(String id)"}
{"logLevel":"debug","message":"\txpath {} li elementi bul ve {} alanını kontrol et : public void pageControlByXpath(String xpath, String text)"}
{"logLevel":"debug","message":"\tid {} li elementi bul ve {} alanını kontrol et : public void pageControlById(String id, String text)"}
{"logLevel":"debug","message":"\tid {} li ementi bul ve {} değerini yaz : public void sendkeysByid(String id, String text)"}
{"logLevel":"debug","message":"\t{} saniye kadar bekle : public void waitForSeconds(ınt time) throws InterruptedException"}
{"logLevel":"debug","message":"\tElementler {} arasından rastgele bir tanesini seç ve tıkla : public void clickRandomelement(String xpath)"}
{"logLevel":"debug","message":"\tSayfayı aşağı kaydır : public void swipeDown()"}
Android test is loading...
Şub 02, 2022 12:57:44 PM io.appium.java_client.remote.AppiumCommandExecutor$1 lambda$0
INFO: Detected dialect: W3C
{"logLevel":"debug","message":"Executing 'id {} li elementi bul ve {} alanını kontrol et' using 'class StepImplementation.pageControlById"}
[32m2022-02-02 12:57:47,344 +03:00 INFO  Methods:38 assertPage - Sayfa Kontrol Basarili Beklenen Deger :Mağazadan Alışveriş
[m{"logLevel":"debug","message":"Executing 'id {} li elemente tıkla' using 'class StepImplementation.clickById"}
{"logLevel":"debug","message":"Executing 'xpath {} li elementi bul ve {} alanını kontrol et' using 'class StepImplementation.pageControlByXpath"}
[32m2022-02-02 12:57:50,008 +03:00 INFO  Methods:38 assertPage - Sayfa Kontrol Basarili Beklenen Deger :Mağaza
[m{"logLevel":"debug","message":"Executing 'id {} li elemente tıkla' using 'class StepImplementation.clickById"}
{"logLevel":"debug","message":"Executing 'xpath {} li elementi bul ve {} alanını kontrol et' using 'class StepImplementation.pageControlByXpath"}
[32m2022-02-02 12:57:52,418 +03:00 INFO  Methods:38 assertPage - Sayfa Kontrol Basarili Beklenen Deger :Kategoriler
[m{"logLevel":"debug","message":"Executing 'xpath {} li elemente tıkla' using 'class StepImplementation.clickElement"}
{"logLevel":"debug","message":"Executing 'xpath {} li elemente tıkla' using 'class StepImplementation.clickElement"}
{"logLevel":"debug","message":"Executing 'Sayfayı aşağı kaydır' using 'class StepImplementation.swipeDown"}
{"logLevel":"debug","message":"Executing '{} saniye kadar bekle' using 'class StepImplementation.waitForSeconds"}
{"logLevel":"debug","message":"Executing 'Elementler {} arasından rastgele bir tanesini seç ve tıkla' using 'class StepImplementation.clickRandomelement"}
{"logLevel":"debug","message":"Executing 'xpath {} li elementi bul ve {} alanını kontrol et' using 'class StepImplementation.pageControlByXpath"}
[32m2022-02-02 12:58:04,078 +03:00 INFO  Methods:38 assertPage - Sayfa Kontrol Basarili Beklenen Deger :Listeme Ekle
[m{"logLevel":"debug","message":"Executing 'xpath {} li elemente tıkla' using 'class StepImplementation.clickElement"}
{"logLevel":"debug","message":"Executing 'id {} li elementi bul ve {} alanını kontrol et' using 'class StepImplementation.pageControlById"}
[32m2022-02-02 12:58:05,418 +03:00 INFO  Methods:38 assertPage - Sayfa Kontrol Basarili Beklenen Deger :Giriş Yap
[m{"logLevel":"debug","message":"Executing 'id {} li ementi bul ve {} değerini yaz' using 'class StepImplementation.sendkeysByid"}
{"logLevel":"debug","message":"Executing 'id {} li ementi bul ve {} değerini yaz' using 'class StepImplementation.sendkeysByid"}
{"logLevel":"debug","message":"Executing 'id {} li elemente tıkla' using 'class StepImplementation.clickById"}
{"logLevel":"debug","message":"Executing '{} saniye kadar bekle' using 'class StepImplementation.waitForSeconds"}
{"logLevel":"debug","message":"Executing 'id {} li elemente tıkla' using 'class StepImplementation.clickById"}
{"logLevel":"debug","message":"Executing '{} saniye kadar bekle' using 'class StepImplementation.waitForSeconds"}
{"logLevel":"debug","message":"Executing 'Elementler {} arasından rastgele bir tanesini seç ve tıkla' using 'class StepImplementation.clickRandomelement"}
{"logLevel":"debug","message":"Executing '{} saniye kadar bekle' using 'class StepImplementation.waitForSeconds"}
{"logLevel":"debug","message":"Executing 'Elementler {} arasından rastgele bir tanesini seç ve tıkla' using 'class StepImplementation.clickRandomelement"}
{"logLevel":"debug","message":"Executing 'id {} li elemente tıkla' using 'class StepImplementation.clickById"}
{"logLevel":"debug","message":"Executing '{} saniye kadar bekle' using 'class StepImplementation.waitForSeconds"}
{"logLevel":"debug","message":"Killing Java runner..."}
{"logLevel":"debug","message":"Stopping execution pool..."}
{"logLevel":"debug","message":"Shutting down grpc server..."}
{"logLevel":"debug","message":"Runner killed gracefully."}
